TN:
SF:controllers/auth/getCurrent.js
FN:3,getCurrent
FNF:1
FNH:0
FNDA:0,getCurrent
DA:1,1
DA:2,1
DA:3,1
DA:4,0
DA:5,0
DA:6,0
DA:7,0
DA:8,0
DA:9,0
DA:10,0
DA:11,1
DA:12,1
LF:12
LH:5
BRDA:1,0,0,1
BRF:1
BRH:1
end_of_record
TN:
SF:controllers/auth/index.js
FNF:0
FNH:0
DA:1,1
DA:2,1
DA:3,1
DA:4,1
DA:5,1
DA:6,1
DA:7,1
LF:7
LH:7
BRDA:1,0,0,1
BRF:1
BRH:1
end_of_record
TN:
SF:controllers/auth/login.js
FN:4,login
FNF:1
FNH:0
FNDA:0,login
DA:1,1
DA:2,1
DA:3,1
DA:4,1
DA:5,0
DA:6,0
DA:7,0
DA:8,0
DA:9,0
DA:10,0
DA:11,0
DA:12,0
DA:13,0
DA:14,0
DA:15,0
DA:16,0
DA:17,0
DA:18,0
DA:19,0
DA:20,1
DA:21,1
LF:21
LH:6
BRDA:1,0,0,1
BRF:1
BRH:1
end_of_record
TN:
SF:controllers/auth/logout.js
FN:4,logout
FNF:1
FNH:0
FNDA:0,logout
DA:1,1
DA:2,1
DA:3,1
DA:4,1
DA:5,0
DA:6,0
DA:7,0
DA:8,0
DA:9,0
DA:10,1
DA:11,1
LF:11
LH:6
BRDA:1,0,0,1
BRF:1
BRH:1
end_of_record
TN:
SF:controllers/auth/registration.js
FN:4,registration
FNF:1
FNH:1
FNDA:3,registration
DA:1,1
DA:2,1
DA:3,1
DA:4,1
DA:5,3
DA:6,3
DA:7,3
DA:8,3
DA:9,1
DA:10,1
DA:11,1
DA:12,1
DA:13,1
DA:14,1
DA:15,1
DA:16,1
DA:17,1
DA:18,1
DA:19,1
DA:20,1
DA:21,1
DA:22,3
DA:23,1
DA:24,1
LF:24
LH:24
BRDA:1,0,0,1
BRDA:4,1,0,3
BRDA:8,2,0,2
BRDA:8,3,0,1
BRF:4
BRH:4
end_of_record
TN:
SF:controllers/auth/subscriptionUpdate.js
FN:4,subscriptionUpdate
FNF:1
FNH:0
FNDA:0,subscriptionUpdate
DA:1,1
DA:2,1
DA:3,1
DA:4,1
DA:5,0
DA:6,0
DA:7,0
DA:8,0
DA:9,0
DA:10,0
DA:11,0
DA:12,0
DA:13,0
DA:14,0
DA:15,0
DA:16,0
DA:17,0
DA:18,0
DA:19,0
DA:20,0
DA:21,0
DA:22,0
DA:23,0
DA:24,0
DA:25,0
DA:26,0
DA:27,1
DA:28,1
LF:28
LH:6
BRDA:1,0,0,1
BRF:1
BRH:1
end_of_record
TN:
SF:libs/constants.js
FNF:0
FNH:0
DA:1,1
DA:2,1
DA:3,1
DA:4,1
DA:5,1
DA:6,1
DA:7,1
DA:8,1
DA:9,1
DA:10,1
DA:11,1
DA:12,1
DA:13,1
DA:14,1
DA:15,1
DA:16,1
DA:17,1
DA:18,1
DA:19,1
DA:20,1
DA:21,1
DA:22,1
DA:23,1
DA:24,1
DA:25,1
DA:26,1
DA:27,1
DA:28,1
DA:29,1
DA:30,1
DA:31,1
LF:31
LH:31
BRDA:1,0,0,1
BRF:1
BRH:1
end_of_record
TN:
SF:model/user.js
FN:18,validate
FN:49,default
FN:63,transform
FN:80,userSchema.methods.isValidPassword
FNF:4
FNH:0
FNDA:0,validate
FNDA:0,default
FNDA:0,transform
FNDA:0,userSchema.methods.isValidPassword
DA:1,1
DA:2,1
DA:3,1
DA:4,1
DA:5,1
DA:6,1
DA:7,1
DA:8,1
DA:9,1
DA:10,1
DA:11,1
DA:12,1
DA:13,1
DA:14,1
DA:15,1
DA:16,1
DA:17,1
DA:18,1
DA:19,0
DA:20,0
DA:21,1
DA:22,1
DA:23,1
DA:24,1
DA:25,1
DA:26,1
DA:27,1
DA:28,1
DA:29,1
DA:30,1
DA:31,1
DA:32,1
DA:33,1
DA:34,1
DA:35,1
DA:36,1
DA:37,1
DA:38,1
DA:39,1
DA:40,1
DA:41,1
DA:42,1
DA:43,1
DA:44,1
DA:45,1
DA:46,1
DA:47,1
DA:48,1
DA:49,1
DA:50,0
DA:51,1
DA:52,1
DA:53,1
DA:54,1
DA:55,1
DA:56,1
DA:57,1
DA:58,1
DA:59,1
DA:60,1
DA:61,1
DA:62,1
DA:63,1
DA:64,0
DA:65,0
DA:66,1
DA:67,1
DA:68,1
DA:69,1
DA:70,1
DA:71,1
DA:72,1
DA:73,0
DA:74,0
DA:75,0
DA:76,0
DA:77,0
DA:78,1
DA:79,1
DA:80,1
DA:81,0
DA:82,0
DA:83,1
DA:84,1
DA:85,1
DA:86,1
LF:86
LH:74
BRDA:1,0,0,1
BRF:1
BRH:1
end_of_record
TN:
SF:repository/users.js
FN:3,findById
FN:7,findByEmail
FN:11,create
FN:16,updateToken
FN:20,updateSubscription
FN:24,updateAvatar
FNF:6
FNH:0
FNDA:0,findById
FNDA:0,findByEmail
FNDA:0,create
FNDA:0,updateToken
FNDA:0,updateSubscription
FNDA:0,updateAvatar
DA:1,1
DA:2,1
DA:3,1
DA:4,0
DA:5,0
DA:6,1
DA:7,1
DA:8,0
DA:9,0
DA:10,1
DA:11,1
DA:12,0
DA:13,0
DA:14,0
DA:15,1
DA:16,1
DA:17,0
DA:18,0
DA:19,1
DA:20,1
DA:21,0
DA:22,0
DA:23,1
DA:24,1
DA:25,0
DA:26,0
DA:27,1
DA:28,1
DA:29,1
DA:30,1
DA:31,1
DA:32,1
DA:33,1
DA:34,1
DA:35,1
LF:35
LH:22
BRDA:1,0,0,1
BRF:1
BRH:1
end_of_record
TN:
SF:service/auth.js
FN:6,isUserExist
FN:11,create
FN:25,getUser
FN:34,getToken
FN:41,setToken
FN:45,setSubscription
FNF:6
FNH:0
FNDA:0,isUserExist
FNDA:0,create
FNDA:0,getUser
FNDA:0,getToken
FNDA:0,setToken
FNDA:0,setSubscription
DA:1,1
DA:2,1
DA:3,1
DA:4,1
DA:5,1
DA:6,1
DA:7,0
DA:8,0
DA:9,0
DA:10,1
DA:11,1
DA:12,0
DA:13,0
DA:14,0
DA:15,0
DA:16,0
DA:17,0
DA:18,0
DA:19,0
DA:20,0
DA:21,0
DA:22,0
DA:23,0
DA:24,1
DA:25,1
DA:26,0
DA:27,0
DA:28,0
DA:29,0
DA:30,0
DA:31,0
DA:32,0
DA:33,1
DA:34,1
DA:35,0
DA:36,0
DA:37,0
DA:38,0
DA:39,0
DA:40,1
DA:41,1
DA:42,0
DA:43,0
DA:44,1
DA:45,1
DA:46,0
DA:47,0
DA:48,1
DA:49,1
DA:50,1
LF:50
LH:19
BRDA:1,0,0,1
BRF:1
BRH:1
end_of_record
